2025-01-20 11:01:01,216 - log - INFO - Created a tweet with media: ['assets/whiterose_weiss_smiling_at_ruby_and_ruby_hand_on_weiss_shoulder.gif'] and id 1881295862351253651: https://twitter.com/1715435861431451648/status/1881295862351253651/
2025-01-20 12:01:02,438 - log - INFO - Created a tweet with media: ['assets/whiterose_v1_meeting.gif'] and id 1881310966954307601: https://twitter.com/1715435861431451648/status/1881310966954307601/
2025-01-20 13:00:59,699 - log - INFO - Created a tweet with media: ['assets/whiterose_volume_7.jpeg'] and id 1881326054897316294: https://twitter.com/1715435861431451648/status/1881326054897316294/
2025-01-20 14:00:59,551 - log - INFO - Created a tweet with media: ['assets/whiterose_combat_ready.gif'] and id 1881341153804451981: https://twitter.com/1715435861431451648/status/1881341153804451981/
2025-01-20 15:01:01,394 - log - INFO - Created a tweet with media: ['assets/whiterose_v6_opening_with_petals.gif'] and id 1881356260739571998: https://twitter.com/1715435861431451648/status/1881356260739571998/
2025-01-20 16:01:03,474 - log - INFO - Created a tweet with media: ['assets/whiterose_perfection/perfection.png', 'assets/whiterose_coffee.jpeg', 'assets/whiterose_jl_part_2_staring_at_each_other.jpeg', 'assets/whiterose_pencils.jpg'] and id 1881371367377183006: https://twitter.com/1715435861431451648/status/1881371367377183006/
2025-01-20 17:01:04,016 - log - INFO - Created a tweet with media: ['assets/whiterose_v9_chess_battle.jpg'] and id 1881386470902223119: https://twitter.com/1715435861431451648/status/1881386470902223119/
2025-01-20 18:01:00,205 - log - INFO - Created a tweet with media: ['assets/whiterose_v9_bumbleby_scene_about_time.jpg'] and id 1881401554286092737: https://twitter.com/1715435861431451648/status/1881401554286092737/
2025-01-20 19:01:03,368 - log - INFO - Created a tweet with media: ['assets/whiterose_v9_bumbleby_scene_about_time.jpg'] and id 1881416667030606035: https://twitter.com/1715435861431451648/status/1881416667030606035/
2025-01-20 20:00:57,879 - log - INFO - Created a tweet with media: ['assets/whiterose_v9_ruby_smiling_and_weiss_hand.jpeg'] and id 1881431743934222839: https://twitter.com/1715435861431451648/status/1881431743934222839/
2025-01-20 21:01:03,699 - log - INFO - Created a tweet with media: ['assets/whiterose_jl_part_1_hug/whiterose_ruby_sparkling_eyes_glad_to_see_weiss.jpeg', 'assets/whiterose_jl_part_1_hug/whiterose_justice_league_jump_hug.jpeg', 'assets/whiterose_jl_part_1_hug/whiterose_justice_league_hug.jpeg', 'assets/whiterose_jl_part_1_hug/whiterose_jl_part_1_hug_weiss_with_closed_eyes.jpeg'] and id 1881446867525132510: https://twitter.com/1715435861431451648/status/1881446867525132510/
2025-01-20 22:00:56,836 - log - INFO - Created a tweet with media: ['assets/whiterose_holding_hands.png'] and id 1881461937965285829: https://twitter.com/1715435861431451648/status/1881461937965285829/
2025-01-20 23:00:59,031 - log - INFO - Created a tweet with media: ['assets/whiterose_get_whiterosed_lmao.gif'] and id 1881477047039533523: https://twitter.com/1715435861431451648/status/1881477047039533523/
2025-01-21 00:00:59,501 - log - INFO - Created a tweet with media: ['assets/whiterose_first_meeting_ruby_fingers.gif'] and id 1881492148492894369: https://twitter.com/1715435861431451648/status/1881492148492894369/
2025-01-21 01:01:01,707 - log - INFO - Created a tweet with media: ['assets/whiterose_ice_queendom_hug.gif'] and id 1881507255524438350: https://twitter.com/1715435861431451648/status/1881507255524438350/
2025-01-21 02:00:56,372 - log - INFO - Created a tweet with media: ['assets/whiterose_on_a_dinosaur_with_a_rainbow.jpeg'] and id 1881522334487457828: https://twitter.com/1715435861431451648/status/1881522334487457828/
2025-01-21 03:00:57,160 - log - INFO - Created a tweet with media: ['assets/whiterose_jl_part_1_hug/whiterose_ruby_sparkling_eyes_glad_to_see_weiss.jpeg', 'assets/whiterose_jl_part_1_hug/whiterose_justice_league_jump_hug.jpeg', 'assets/whiterose_jl_part_1_hug/whiterose_justice_league_hug.jpeg', 'assets/whiterose_jl_part_1_hug/whiterose_jl_part_1_hug_weiss_with_closed_eyes.jpeg'] and id 1881537437005930747: https://twitter.com/1715435861431451648/status/1881537437005930747/
2025-01-21 04:01:03,202 - log - INFO - Created a tweet with media: ['assets/whiterose_shocked_v6/whiterose_shocked_1.png', 'assets/whiterose_shocked_v6/whiterose_shocked_2.png'] and id 1881552561649652205: https://twitter.com/1715435861431451648/status/1881552561649652205/
2025-01-21 05:01:01,161 - log - INFO - Created a tweet with media: ['assets/whiterose_v7_appearing_from_behind_a_column.gif'] and id 1881567652604424269: https://twitter.com/1715435861431451648/status/1881567652604424269/
2025-01-21 06:01:02,827 - log - INFO - Created a tweet with media: ['assets/whiterose_friendship_bracelets.jpeg'] and id 1881582758981775440: https://twitter.com/1715435861431451648/status/1881582758981775440/
2025-01-21 07:01:05,360 - log - INFO - Created a tweet with media: ['assets/whiterose_volume_6_opening.jpeg'] and id 1881597869628760484: https://twitter.com/1715435861431451648/status/1881597869628760484/
2025-01-21 08:00:58,389 - log - INFO - Created a tweet with media: ['assets/whiterose_v9_chess_battle.jpg'] and id 1881612939787993309: https://twitter.com/1715435861431451648/status/1881612939787993309/
2025-01-21 09:01:01,777 - log - INFO - Created a tweet with media: ['assets/whiterose_soft.jpeg'] and id 1881628053647839589: https://twitter.com/1715435861431451648/status/1881628053647839589/
2025-01-21 10:01:00,607 - log - INFO - Created a tweet with media: ['assets/whiterose_v6_in_the_village_brunswick_farms.gif'] and id 1881643148016763129: https://twitter.com/1715435861431451648/status/1881643148016763129/
2025-01-21 11:01:02,320 - log - INFO - Created a tweet with media: ['assets/whiterose.png'] and id 1881658254373134691: https://twitter.com/1715435861431451648/status/1881658254373134691/
2025-01-21 12:01:03,478 - log - INFO - Created a tweet with media: ['assets/whiterose_coffee.jpeg'] and id 1881673358888345908: https://twitter.com/1715435861431451648/status/1881673358888345908/
2025-01-21 13:01:02,226 - log - INFO - Created a tweet with media: ['assets/whiterose_v9_before_comforting_each_other_in_v9.jpg'] and id 1881688452946968837: https://twitter.com/1715435861431451648/status/1881688452946968837/
